<?xml version="1.0" encoding="UTF-8"?>
<testng-results skipped="0" failed="0" ignored="0" total="1" passed="1">
  <reporter-output>
  </reporter-output>
  <suite name="Automation testing" duration-ms="83" started-at="2017-04-09T08:55:36Z" finished-at="2017-04-09T08:55:36Z">
    <groups>
    </groups>
    <test name="Smoke test cases" duration-ms="83" started-at="2017-04-09T08:55:36Z" finished-at="2017-04-09T08:55:36Z">
      <class name="testngFiles.Annotations">
        <test-method status="PASS" signature="Cookies()[pri:0, instance:testngFiles.Annotations@7cd62f43]" name="Cookies" is-config="true" duration-ms="1" started-at="2017-04-09T14:25:36Z" finished-at="2017-04-09T14:25:36Z">
          <reporter-output>
          </reporter-output>
        </test-method> <!-- Cookies -->
        <test-method status="PASS" signature="UseridGeneration()[pri:0, instance:testngFiles.Annotations@7cd62f43]" name="UseridGeneration" is-config="true" duration-ms="4" started-at="2017-04-09T14:25:36Z" finished-at="2017-04-09T14:25:36Z">
          <reporter-output>
          </reporter-output>
        </test-method> <!-- UseridGeneration -->
        <test-method status="PASS" signature="AOpeningBrowser()[pri:0, instance:testngFiles.Annotations@7cd62f43]" name="AOpeningBrowser" duration-ms="14" started-at="2017-04-09T14:25:36Z" finished-at="2017-04-09T14:25:36Z">
          <reporter-output>
          </reporter-output>
        </test-method> <!-- AOpeningBrowser -->
        <test-method status="PASS" signature="BrowserClose()[pri:0, instance:testngFiles.Annotations@7cd62f43]" name="BrowserClose" is-config="true" duration-ms="2" started-at="2017-04-09T14:25:36Z" finished-at="2017-04-09T14:25:36Z">
          <reporter-output>
          </reporter-output>
        </test-method> <!-- BrowserClose -->
        <test-method status="PASS" signature="CookiesClose()[pri:0, instance:testngFiles.Annotations@7cd62f43]" name="CookiesClose" is-config="true" duration-ms="0" started-at="2017-04-09T14:25:36Z" finished-at="2017-04-09T14:25:36Z">
          <reporter-output>
          </reporter-output>
        </test-method> <!-- CookiesClose -->
      </class> <!-- testngFiles.Annotations -->
      <class name="testngFiles.Annot2">
        <test-method status="PASS" signature="installSoftware()[pri:0, instance:testngFiles.Annot2@6a41eaa2]" name="installSoftware" is-config="true" duration-ms="31" started-at="2017-04-09T14:25:36Z" finished-at="2017-04-09T14:25:36Z">
          <reporter-output>
          </reporter-output>
        </test-method> <!-- installSoftware -->
        <test-method status="PASS" signature="deinstallSoftware()[pri:0, instance:testngFiles.Annot2@6a41eaa2]" name="deinstallSoftware" is-config="true" duration-ms="0" started-at="2017-04-09T14:25:36Z" finished-at="2017-04-09T14:25:36Z">
          <reporter-output>
          </reporter-output>
        </test-method> <!-- deinstallSoftware -->
      </class> <!-- testngFiles.Annot2 -->
    </test> <!-- Smoke test cases -->
  </suite> <!-- Automation testing -->
</testng-results>
